{"contracts\\NftMarketplace.sol":{"l":{"67":1,"68":1,"69":0,"71":1,"79":1,"80":1,"82":1,"83":0,"85":1,"89":1,"90":1,"91":0,"93":1,"124":1,"125":0,"128":1,"130":1,"131":0,"134":1,"136":1,"145":1,"147":1,"148":0,"154":1,"157":1,"159":1,"161":1,"169":0,"170":0,"178":0,"181":0,"185":0,"187":0,"188":0,"191":0,"193":0,"195":0,"196":0,"209":0,"213":1},"path":"F:\\Work\\BlockChain\\Ethereum\\hardhat-nft-marketplace-fcc-New\\contracts\\NftMarketplace.sol","s":{"1":1,"2":1,"3":1,"4":1,"5":1,"6":1,"7":1,"8":1,"9":1,"10":1,"11":1,"12":1,"13":1,"14":1,"15":1,"16":0,"17":0,"18":0,"19":0,"20":0,"21":0,"22":0,"23":1},"b":{"1":[0,1],"2":[0,1],"3":[0,1],"4":[1,0],"5":[1,0],"6":[0,1],"7":[0,1],"8":[1,0],"9":[1,0],"10":[0,1],"11":[0,0],"12":[0,0],"13":[0,0],"14":[0,0],"15":[0,0],"16":[0,0]},"f":{"1":1,"2":1,"3":1,"4":1,"5":1,"6":0,"7":0,"8":0,"9":0,"10":1},"fnMap":{"1":{"name":"notListed","line":62,"loc":{"start":{"line":62,"column":4},"end":{"line":72,"column":4}}},"2":{"name":"isOwner","line":74,"loc":{"start":{"line":74,"column":4},"end":{"line":86,"column":4}}},"3":{"name":"isListed","line":88,"loc":{"start":{"line":88,"column":4},"end":{"line":94,"column":4}}},"4":{"name":"listItem","line":122,"loc":{"start":{"line":114,"column":4},"end":{"line":137,"column":4}}},"5":{"name":"buyItem","line":143,"loc":{"start":{"line":139,"column":4},"end":{"line":162,"column":4}}},"6":{"name":"cancelListing","line":167,"loc":{"start":{"line":164,"column":4},"end":{"line":171,"column":4}}},"7":{"name":"updateListing","line":177,"loc":{"start":{"line":173,"column":4},"end":{"line":182,"column":4}}},"8":{"name":"withdrawProceeds","line":184,"loc":{"start":{"line":184,"column":4},"end":{"line":198,"column":4}}},"9":{"name":"getListing","line":204,"loc":{"start":{"line":204,"column":4},"end":{"line":210,"column":4}}},"10":{"name":"getProceeds","line":212,"loc":{"start":{"line":212,"column":4},"end":{"line":214,"column":4}}}},"statementMap":{"1":{"start":{"line":67,"column":8},"end":{"line":67,"column":64}},"2":{"start":{"line":68,"column":8},"end":{"line":68,"column":2064}},"3":{"start":{"line":79,"column":8},"end":{"line":79,"column":41}},"4":{"start":{"line":80,"column":8},"end":{"line":80,"column":44}},"5":{"start":{"line":82,"column":8},"end":{"line":82,"column":2407}},"6":{"start":{"line":89,"column":8},"end":{"line":89,"column":64}},"7":{"start":{"line":90,"column":8},"end":{"line":90,"column":2649}},"8":{"start":{"line":124,"column":8},"end":{"line":124,"column":3992}},"9":{"start":{"line":128,"column":8},"end":{"line":128,"column":41}},"10":{"start":{"line":130,"column":8},"end":{"line":130,"column":4209}},"11":{"start":{"line":136,"column":8},"end":{"line":136,"column":63}},"12":{"start":{"line":145,"column":8},"end":{"line":145,"column":67}},"13":{"start":{"line":147,"column":8},"end":{"line":147,"column":4727}},"14":{"start":{"line":159,"column":8},"end":{"line":159,"column":83}},"15":{"start":{"line":161,"column":8},"end":{"line":161,"column":74}},"16":{"start":{"line":170,"column":8},"end":{"line":170,"column":58}},"17":{"start":{"line":181,"column":8},"end":{"line":181,"column":66}},"18":{"start":{"line":185,"column":8},"end":{"line":185,"column":49}},"19":{"start":{"line":187,"column":8},"end":{"line":187,"column":6266}},"20":{"start":{"line":193,"column":8},"end":{"line":193,"column":72}},"21":{"start":{"line":195,"column":8},"end":{"line":195,"column":6476}},"22":{"start":{"line":209,"column":8},"end":{"line":209,"column":46}},"23":{"start":{"line":213,"column":8},"end":{"line":213,"column":33}}},"branchMap":{"1":{"line":68,"type":"if","locations":[{"start":{"line":68,"column":8},"end":{"line":68,"column":8}},{"start":{"line":68,"column":8},"end":{"line":68,"column":8}}]},"2":{"line":82,"type":"if","locations":[{"start":{"line":82,"column":8},"end":{"line":82,"column":8}},{"start":{"line":82,"column":8},"end":{"line":82,"column":8}}]},"3":{"line":90,"type":"if","locations":[{"start":{"line":90,"column":8},"end":{"line":90,"column":8}},{"start":{"line":90,"column":8},"end":{"line":90,"column":8}}]},"4":{"line":121,"type":"if","locations":[{"start":{"line":121,"column":8},"end":{"line":121,"column":8}},{"start":{"line":121,"column":8},"end":{"line":121,"column":8}}]},"5":{"line":122,"type":"if","locations":[{"start":{"line":122,"column":8},"end":{"line":122,"column":8}},{"start":{"line":122,"column":8},"end":{"line":122,"column":8}}]},"6":{"line":124,"type":"if","locations":[{"start":{"line":124,"column":8},"end":{"line":124,"column":8}},{"start":{"line":124,"column":8},"end":{"line":124,"column":8}}]},"7":{"line":130,"type":"if","locations":[{"start":{"line":130,"column":8},"end":{"line":130,"column":8}},{"start":{"line":130,"column":8},"end":{"line":130,"column":8}}]},"8":{"line":142,"type":"if","locations":[{"start":{"line":142,"column":8},"end":{"line":142,"column":8}},{"start":{"line":142,"column":8},"end":{"line":142,"column":8}}]},"9":{"line":143,"type":"if","locations":[{"start":{"line":143,"column":8},"end":{"line":143,"column":8}},{"start":{"line":143,"column":8},"end":{"line":143,"column":8}}]},"10":{"line":147,"type":"if","locations":[{"start":{"line":147,"column":8},"end":{"line":147,"column":8}},{"start":{"line":147,"column":8},"end":{"line":147,"column":8}}]},"11":{"line":166,"type":"if","locations":[{"start":{"line":166,"column":8},"end":{"line":166,"column":8}},{"start":{"line":166,"column":8},"end":{"line":166,"column":8}}]},"12":{"line":167,"type":"if","locations":[{"start":{"line":167,"column":8},"end":{"line":167,"column":8}},{"start":{"line":167,"column":8},"end":{"line":167,"column":8}}]},"13":{"line":177,"type":"if","locations":[{"start":{"line":177,"column":15},"end":{"line":177,"column":15}},{"start":{"line":177,"column":15},"end":{"line":177,"column":15}}]},"14":{"line":177,"type":"if","locations":[{"start":{"line":177,"column":45},"end":{"line":177,"column":45}},{"start":{"line":177,"column":45},"end":{"line":177,"column":45}}]},"15":{"line":187,"type":"if","locations":[{"start":{"line":187,"column":8},"end":{"line":187,"column":8}},{"start":{"line":187,"column":8},"end":{"line":187,"column":8}}]},"16":{"line":195,"type":"if","locations":[{"start":{"line":195,"column":8},"end":{"line":195,"column":8}},{"start":{"line":195,"column":8},"end":{"line":195,"column":8}}]}}},"contracts\\test\\BasicNft.sol":{"l":{"15":3,"22":1,"23":1,"25":1,"31":0,"35":0},"path":"F:\\Work\\BlockChain\\Ethereum\\hardhat-nft-marketplace-fcc-New\\contracts\\test\\BasicNft.sol","s":{"1":1,"2":1,"3":0,"4":0},"b":{},"f":{"1":3,"2":1,"3":0,"4":0},"fnMap":{"1":{"name":"constructor","line":14,"loc":{"start":{"line":14,"column":4},"end":{"line":16,"column":4}}},"2":{"name":"mintNft","line":20,"loc":{"start":{"line":20,"column":4},"end":{"line":26,"column":4}}},"3":{"name":"tokenURI","line":28,"loc":{"start":{"line":28,"column":4},"end":{"line":32,"column":4}}},"4":{"name":"getTokenCounter","line":34,"loc":{"start":{"line":34,"column":4},"end":{"line":36,"column":4}}}},"statementMap":{"1":{"start":{"line":22,"column":8},"end":{"line":22,"column":44}},"2":{"start":{"line":25,"column":8},"end":{"line":25,"column":29}},"3":{"start":{"line":31,"column":8},"end":{"line":31,"column":24}},"4":{"start":{"line":35,"column":8},"end":{"line":35,"column":29}}},"branchMap":{}}}