{
"contracts\\NftMarketplace.sol":{"l":{"67":12,"68":12,"69":1,"71":11,"79":16,"80":16,"82":16,"83":2,"85":14,"89":10,"90":10,"91":3,"93":7,"124":11,"125":0,"128":11,"130":11,"131":1,"134":10,"136":10,"145":4,"147":4,"148":1,"154":3,"157":3,"159":3,"161":3,"169":1,"170":1,"178":1,"181":1,"185":2,"187":2,"188":1,"191":1,"193":1,"195":1,"196":0,"209":3,"213":3},"path":"F:\\Work\\BlockChain\\Ethereum\\hardhat-nft-marketplace-fcc-New\\contracts\\NftMarketplace.sol","s":{"1":12,"2":12,"3":16,"4":16,"5":16,"6":10,"7":10,"8":11,"9":11,"10":11,"11":10,"12":4,"13":4,"14":3,"15":3,"16":1,"17":1,"18":2,"19":2,"20":1,"21":1,"22":3,"23":3},"b":{"1":[1,11],"2":[2,14],"3":[3,7],"4":[11,1],"5":[11,0],"6":[0,11],"7":[1,10],"8":[5,0],"9":[4,1],"10":[1,3],"11":[2,1],"12":[1,1],"13":[2,1],"14":[1,1],"15":[1,1],"16":[0,1]},"f":{"1":12,"2":16,"3":10,"4":11,"5":4,"6":1,"7":1,"8":2,"9":3,"10":3},"fnMap":{"1":{"name":"notListed","line":62,"loc":{"start":{"line":62,"column":4},"end":{"line":72,"column":4}}},"2":{"name":"isOwner","line":74,"loc":{"start":{"line":74,"column":4},"end":{"line":86,"column":4}}},"3":{"name":"isListed","line":88,"loc":{"start":{"line":88,"column":4},"end":{"line":94,"column":4}}},"4":{"name":"listItem","line":122,"loc":{"start":{"line":114,"column":4},"end":{"line":137,"column":4}}},"5":{"name":"buyItem","line":143,"loc":{"start":{"line":139,"column":4},"end":{"line":162,"column":4}}},"6":{"name":"cancelListing","line":167,"loc":{"start":{"line":164,"column":4},"end":{"line":171,"column":4}}},"7":{"name":"updateListing","line":177,"loc":{"start":{"line":173,"column":4},"end":{"line":182,"column":4}}},"8":{"name":"withdrawProceeds","line":184,"loc":{"start":{"line":184,"column":4},"end":{"line":198,"column":4}}},"9":{"name":"getListing","line":204,"loc":{"start":{"line":204,"column":4},"end":{"line":210,"column":4}}},"10":{"name":"getProceeds","line":212,"loc":{"start":{"line":212,"column":4},"end":{"line":214,"column":4}}}},"statementMap":{"1":{"start":{"line":67,"column":8},"end":{"line":67,"column":64}},"2":{"start":{"line":68,"column":8},"end":{"line":68,"column":2064}},"3":{"start":{"line":79,"column":8},"end":{"line":79,"column":41}},"4":{"start":{"line":80,"column":8},"end":{"line":80,"column":44}},"5":{"start":{"line":82,"column":8},"end":{"line":82,"column":2407}},"6":{"start":{"line":89,"column":8},"end":{"line":89,"column":64}},"7":{"start":{"line":90,"column":8},"end":{"line":90,"column":2649}},"8":{"start":{"line":124,"column":8},"end":{"line":124,"column":3992}},"9":{"start":{"line":128,"column":8},"end":{"line":128,"column":41}},"10":{"start":{"line":130,"column":8},"end":{"line":130,"column":4209}},"11":{"start":{"line":136,"column":8},"end":{"line":136,"column":63}},"12":{"start":{"line":145,"column":8},"end":{"line":145,"column":67}},"13":{"start":{"line":147,"column":8},"end":{"line":147,"column":4727}},"14":{"start":{"line":159,"column":8},"end":{"line":159,"column":83}},"15":{"start":{"line":161,"column":8},"end":{"line":161,"column":74}},"16":{"start":{"line":170,"column":8},"end":{"line":170,"column":58}},"17":{"start":{"line":181,"column":8},"end":{"line":181,"column":66}},"18":{"start":{"line":185,"column":8},"end":{"line":185,"column":49}},"19":{"start":{"line":187,"column":8},"end":{"line":187,"column":6266}},"20":{"start":{"line":193,"column":8},"end":{"line":193,"column":72}},"21":{"start":{"line":195,"column":8},"end":{"line":195,"column":6476}},"22":{"start":{"line":209,"column":8},"end":{"line":209,"column":46}},"23":{"start":{"line":213,"column":8},"end":{"line":213,"column":33}}},"branchMap":{"1":{"line":68,"type":"if","locations":[{"start":{"line":68,"column":8},"end":{"line":68,"column":8}},{"start":{"line":68,"column":8},"end":{"line":68,"column":8}}]},"2":{"line":82,"type":"if","locations":[{"start":{"line":82,"column":8},"end":{"line":82,"column":8}},{"start":{"line":82,"column":8},"end":{"line":82,"column":8}}]},"3":{"line":90,"type":"if","locations":[{"start":{"line":90,"column":8},"end":{"line":90,"column":8}},{"start":{"line":90,"column":8},"end":{"line":90,"column":8}}]},"4":{"line":121,"type":"if","locations":[{"start":{"line":121,"column":8},"end":{"line":121,"column":8}},{"start":{"line":121,"column":8},"end":{"line":121,"column":8}}]},"5":{"line":122,"type":"if","locations":[{"start":{"line":122,"column":8},"end":{"line":122,"column":8}},{"start":{"line":122,"column":8},"end":{"line":122,"column":8}}]},"6":{"line":124,"type":"if","locations":[{"start":{"line":124,"column":8},"end":{"line":124,"column":8}},{"start":{"line":124,"column":8},"end":{"line":124,"column":8}}]},"7":{"line":130,"type":"if","locations":[{"start":{"line":130,"column":8},"end":{"line":130,"column":8}},{"start":{"line":130,"column":8},"end":{"line":130,"column":8}}]},"8":{"line":142,"type":"if","locations":[{"start":{"line":142,"column":8},"end":{"line":142,"column":8}},{"start":{"line":142,"column":8},"end":{"line":142,"column":8}}]},"9":{"line":143,"type":"if","locations":[{"start":{"line":143,"column":8},"end":{"line":143,"column":8}},{"start":{"line":143,"column":8},"end":{"line":143,"column":8}}]},"10":{"line":147,"type":"if","locations":[{"start":{"line":147,"column":8},"end":{"line":147,"column":8}},{"start":{"line":147,"column":8},"end":{"line":147,"column":8}}]},"11":{"line":166,"type":"if","locations":[{"start":{"line":166,"column":8},"end":{"line":166,"column":8}},{"start":{"line":166,"column":8},"end":{"line":166,"column":8}}]},"12":{"line":167,"type":"if","locations":[{"start":{"line":167,"column":8},"end":{"line":167,"column":8}},{"start":{"line":167,"column":8},"end":{"line":167,"column":8}}]},"13":{"line":177,"type":"if","locations":[{"start":{"line":177,"column":15},"end":{"line":177,"column":15}},{"start":{"line":177,"column":15},"end":{"line":177,"column":15}}]},"14":{"line":177,"type":"if","locations":[{"start":{"line":177,"column":45},"end":{"line":177,"column":45}},{"start":{"line":177,"column":45},"end":{"line":177,"column":45}}]},"15":{"line":187,"type":"if","locations":[{"start":{"line":187,"column":8},"end":{"line":187,"column":8}},{"start":{"line":187,"column":8},"end":{"line":187,"column":8}}]},"16":{"line":195,"type":"if","locations":[{"start":{"line":195,"column":8},"end":{"line":195,"column":8}},{"start":{"line":195,"column":8},"end":{"line":195,"column":8}}]}}},
"contracts\\test\\BasicNft.sol":{"l":{"15":3,"22":14,"23":14,"25":14,"31":0,"35":0},"path":"F:\\Work\\BlockChain\\Ethereum\\hardhat-nft-marketplace-fcc-New\\contracts\\test\\BasicNft.sol","s":{"1":14,"2":14,"3":0,"4":0},"b":{},"f":{"1":3,"2":14,"3":0,"4":0},"fnMap":{"1":{"name":"constructor","line":14,"loc":{"start":{"line":14,"column":4},"end":{"line":16,"column":4}}},"2":{"name":"mintNft","line":20,"loc":{"start":{"line":20,"column":4},"end":{"line":26,"column":4}}},"3":{"name":"tokenURI","line":28,"loc":{"start":{"line":28,"column":4},"end":{"line":32,"column":4}}},"4":{"name":"getTokenCounter","line":34,"loc":{"start":{"line":34,"column":4},"end":{"line":36,"column":4}}}},"statementMap":{"1":{"start":{"line":22,"column":8},"end":{"line":22,"column":44}},"2":{"start":{"line":25,"column":8},"end":{"line":25,"column":29}},"3":{"start":{"line":31,"column":8},"end":{"line":31,"column":24}},"4":{"start":{"line":35,"column":8},"end":{"line":35,"column":29}}},"branchMap":{}}}
