TN:
SF:F:\Work\BlockChain\Ethereum\hardhat-nft-marketplace-fcc-New\contracts\NftMarketplace.sol
FN:62,notListed
FN:74,isOwner
FN:88,isListed
FN:122,listItem
FN:143,buyItem
FN:167,cancelListing
FN:177,updateListing
FN:184,withdrawProceeds
FN:204,getListing
FN:212,getProceeds
FNF:10
FNH:10
FNDA:12,notListed
FNDA:16,isOwner
FNDA:10,isListed
FNDA:11,listItem
FNDA:4,buyItem
FNDA:1,cancelListing
FNDA:1,updateListing
FNDA:2,withdrawProceeds
FNDA:3,getListing
FNDA:3,getProceeds
DA:67,12
DA:68,12
DA:69,1
DA:71,11
DA:79,16
DA:80,16
DA:82,16
DA:83,2
DA:85,14
DA:89,10
DA:90,10
DA:91,3
DA:93,7
DA:124,11
DA:125,0
DA:128,11
DA:130,11
DA:131,1
DA:134,10
DA:136,10
DA:145,4
DA:147,4
DA:148,1
DA:154,3
DA:157,3
DA:159,3
DA:161,3
DA:169,1
DA:170,1
DA:178,1
DA:181,1
DA:185,2
DA:187,2
DA:188,1
DA:191,1
DA:193,1
DA:195,1
DA:196,0
DA:209,3
DA:213,3
LF:40
LH:38
BRDA:68,1,0,1
BRDA:68,1,1,11
BRDA:82,2,0,2
BRDA:82,2,1,14
BRDA:90,3,0,3
BRDA:90,3,1,7
BRDA:121,4,0,11
BRDA:121,4,1,1
BRDA:122,5,0,11
BRDA:122,5,1,0
BRDA:124,6,0,0
BRDA:124,6,1,11
BRDA:130,7,0,1
BRDA:130,7,1,10
BRDA:142,8,0,5
BRDA:142,8,1,0
BRDA:143,9,0,4
BRDA:143,9,1,1
BRDA:147,10,0,1
BRDA:147,10,1,3
BRDA:166,11,0,2
BRDA:166,11,1,1
BRDA:167,12,0,1
BRDA:167,12,1,1
BRDA:177,13,0,2
BRDA:177,13,1,1
BRDA:177,14,0,1
BRDA:177,14,1,1
BRDA:187,15,0,1
BRDA:187,15,1,1
BRDA:195,16,0,0
BRDA:195,16,1,1
BRF:32
BRH:28
end_of_record
TN:
SF:F:\Work\BlockChain\Ethereum\hardhat-nft-marketplace-fcc-New\contracts\test\BasicNft.sol
FN:14,constructor
FN:20,mintNft
FN:28,tokenURI
FN:34,getTokenCounter
FNF:4
FNH:2
FNDA:3,constructor
FNDA:14,mintNft
FNDA:0,tokenURI
FNDA:0,getTokenCounter
DA:15,3
DA:22,14
DA:23,14
DA:25,14
DA:31,0
DA:35,0
LF:6
LH:4
BRF:0
BRH:0
end_of_record
