TN:
SF:F:\Work\BlockChain\Ethereum\hardhat-nft-marketplace-fcc-New\contracts\NftMarketplace.sol
FN:62,notListed
FN:74,isOwner
FN:88,isListed
FN:122,listItem
FN:143,buyItem
FN:167,cancelListing
FN:177,updateListing
FN:184,withdrawProceeds
FN:204,getListing
FN:212,getProceeds
FNF:10
FNH:6
FNDA:1,notListed
FNDA:1,isOwner
FNDA:1,isListed
FNDA:1,listItem
FNDA:1,buyItem
FNDA:0,cancelListing
FNDA:0,updateListing
FNDA:0,withdrawProceeds
FNDA:0,getListing
FNDA:1,getProceeds
DA:67,1
DA:68,1
DA:69,0
DA:71,1
DA:79,1
DA:80,1
DA:82,1
DA:83,0
DA:85,1
DA:89,1
DA:90,1
DA:91,0
DA:93,1
DA:124,1
DA:125,0
DA:128,1
DA:130,1
DA:131,0
DA:134,1
DA:136,1
DA:145,1
DA:147,1
DA:148,0
DA:154,1
DA:157,1
DA:159,1
DA:161,1
DA:169,0
DA:170,0
DA:178,0
DA:181,0
DA:185,0
DA:187,0
DA:188,0
DA:191,0
DA:193,0
DA:195,0
DA:196,0
DA:209,0
DA:213,1
LF:40
LH:22
BRDA:68,1,0,0
BRDA:68,1,1,1
BRDA:82,2,0,0
BRDA:82,2,1,1
BRDA:90,3,0,0
BRDA:90,3,1,1
BRDA:121,4,0,1
BRDA:121,4,1,0
BRDA:122,5,0,1
BRDA:122,5,1,0
BRDA:124,6,0,0
BRDA:124,6,1,1
BRDA:130,7,0,0
BRDA:130,7,1,1
BRDA:142,8,0,1
BRDA:142,8,1,0
BRDA:143,9,0,1
BRDA:143,9,1,0
BRDA:147,10,0,0
BRDA:147,10,1,1
BRDA:166,11,0,0
BRDA:166,11,1,0
BRDA:167,12,0,0
BRDA:167,12,1,0
BRDA:177,13,0,0
BRDA:177,13,1,0
BRDA:177,14,0,0
BRDA:177,14,1,0
BRDA:187,15,0,0
BRDA:187,15,1,0
BRDA:195,16,0,0
BRDA:195,16,1,0
BRF:32
BRH:10
end_of_record
TN:
SF:F:\Work\BlockChain\Ethereum\hardhat-nft-marketplace-fcc-New\contracts\test\BasicNft.sol
FN:14,constructor
FN:20,mintNft
FN:28,tokenURI
FN:34,getTokenCounter
FNF:4
FNH:2
FNDA:3,constructor
FNDA:1,mintNft
FNDA:0,tokenURI
FNDA:0,getTokenCounter
DA:15,3
DA:22,1
DA:23,1
DA:25,1
DA:31,0
DA:35,0
LF:6
LH:4
BRF:0
BRH:0
end_of_record
